Build started 9/22/2017 5:04:53 PM.
     1>Project "C:\Users\Sissy Liu\documents\visual studio 2013\Projects\Shape\Shape\Shape.vcxproj" on node 2 (Build target(s)).
     1>ClCompile:
         C:\Program Files (x86)\Microsoft Visual Studio 12.0\VC\bin\CL.exe /c /IC:\Eigen /IC:\opencv\build\x86\vc12\..\..\include /ZI /nologo /W3 /WX- /sdl /Od /Oy- /D WIN32 /D _DEBUG /D _CONSOLE /D _LIB /D _UNICODE /D UNICODE /Gm /EHsc /RTC1 /MDd /GS /fp:precise /Zc:wchar_t /Zc:forScope /Fo"Debug\\" /Fd"Debug\vc120.pdb" /Gd /TP /analyze- /errorReport:prompt main.cpp
         main.cpp
     1>c:\users\sissy liu\documents\visual studio 2013\projects\shape\shape\main.cpp(611): warning C4244: 'argument' : conversion from 'double' to 'int', possible loss of data
     1>c:\users\sissy liu\documents\visual studio 2013\projects\shape\shape\main.cpp(615): warning C4244: 'argument' : conversion from 'double' to 'int', possible loss of data
     1>c:\users\sissy liu\documents\visual studio 2013\projects\shape\shape\main.cpp(619): warning C4244: 'argument' : conversion from 'double' to 'int', possible loss of data
     1>c:\users\sissy liu\documents\visual studio 2013\projects\shape\shape\main.cpp(624): warning C4244: 'argument' : conversion from 'double' to 'int', possible loss of data
     1>c:\users\sissy liu\documents\visual studio 2013\projects\shape\shape\main.cpp(1106): warning C4244: 'argument' : conversion from 'double' to 'int', possible loss of data
     1>c:\users\sissy liu\documents\visual studio 2013\projects\shape\shape\main.cpp(1107): warning C4244: 'argument' : conversion from 'double' to 'int', possible loss of data
     1>c:\users\sissy liu\documents\visual studio 2013\projects\shape\shape\main.cpp(1108): warning C4244: 'argument' : conversion from 'double' to 'int', possible loss of data
     1>c:\users\sissy liu\documents\visual studio 2013\projects\shape\shape\main.cpp(1109): warning C4244: 'argument' : conversion from 'double' to 'int', possible loss of data
     1>c:\users\sissy liu\documents\visual studio 2013\projects\shape\shape\main.cpp(1135): warning C4244: 'argument' : conversion from 'time_t' to 'unsigned int', possible loss of data
     1>c:\users\sissy liu\documents\visual studio 2013\projects\shape\shape\main.cpp(1152): warning C4244: 'argument' : conversion from 'int' to 'float', possible loss of data
       Link:
         C:\Program Files (x86)\Microsoft Visual Studio 12.0\VC\bin\link.exe /ERRORREPORT:PROMPT /OUT:"C:\Users\Sissy Liu\documents\visual studio 2013\Projects\Shape\Debug\Shape.exe" /INCREMENTAL /NOLOGO /LIBPATH:C:\opencv\build\x86\vc12\lib opencv_ts300d.lib opencv_world300d.lib kernel32.lib user32.lib gdi32.lib winspool.lib comdlg32.lib advapi32.lib shell32.lib ole32.lib oleaut32.lib uuid.lib odbc32.lib odbccp32.lib /MANIFEST /MANIFESTUAC:"level='asInvoker' uiAccess='false'" /manifest:embed /DEBUG /PDB:"C:\Users\Sissy Liu\documents\visual studio 2013\Projects\Shape\Debug\Shape.pdb" /SUBSYSTEM:CONSOLE /TLBID:1 /DYNAMICBASE /NXCOMPAT /IMPLIB:"C:\Users\Sissy Liu\documents\visual studio 2013\Projects\Shape\Debug\Shape.lib" /MACHINE:X86 Debug\ICP.obj
         Debug\main.obj
         Shape.vcxproj -> C:\Users\Sissy Liu\documents\visual studio 2013\Projects\Shape\Debug\Shape.exe
     1>Done Building Project "C:\Users\Sissy Liu\documents\visual studio 2013\Projects\Shape\Shape\Shape.vcxproj" (Build target(s)).

Build succeeded.

Time Elapsed 00:00:04.23
